{
  "RSpec": {
    "coverage": {
      "/home/muhamed/apps/exercise_170921_muhamed/spec/forms/form_object_spec.rb": [
        1,
        null,
        1,
        2,
        null,
        1,
        1,
        1,
        null,
        null,
        1,
        1,
        1,
        null,
        null,
        null
      ],
      "/home/muhamed/apps/exercise_170921_muhamed/spec/rails_helper.rb": [
        null,
        1,
        1,
        1,
        null,
        1,
        1,
        null,
        null,
        null,
        null,
        null,
        null,
        null,
        null,
        null,
        null,
        null,
        null,
        null,
        null,
        null,
        null,
        null,
        null,
        null,
        null,
        1,
        1,
        1,
        1,
        null,
        1,
        null,
        null,
        null,
        null,
        1,
        null,
        null,
        null,
        null,
        null,
        null,
        null,
        null,
        null,
        null,
        null,
        null,
        null,
        null,
        1,
        1,
        null,
        1,
        null,
        null,
        null,
        null,
        1,
        1,
        1,
        1,
        null,
        null
      ],
      "/home/muhamed/apps/exercise_170921_muhamed/config/environment.rb": [
        null,
        1,
        null,
        null,
        1
      ],
      "/home/muhamed/apps/exercise_170921_muhamed/config/application.rb": [
        1,
        null,
        1,
        null,
        null,
        null,
        1,
        null,
        1,
        1,
        null,
        1,
        null,
        1,
        1,
        1,
        null,
        null,
        null,
        null,
        null,
        null,
        null
      ],
      "/home/muhamed/apps/exercise_170921_muhamed/config/boot.rb": [
        1,
        null,
        1
      ],
      "/home/muhamed/apps/exercise_170921_muhamed/config/environments/test.rb": [
        1,
        null,
        null,
        null,
        null,
        null,
        null,
        1,
        null,
        null,
        null,
        null,
        1,
        null,
        null,
        1,
        1,
        null,
        null,
        null,
        null,
        1,
        1,
        null,
        null,
        1,
        null,
        null,
        1,
        1,
        null,
        null,
        null,
        null,
        1,
        null,
        null,
        1,
        null,
        null,
        null,
        null
      ],
      "/home/muhamed/apps/exercise_170921_muhamed/config/initializers/application_controller_renderer.rb": [
        null,
        null,
        null,
        null,
        null,
        null,
        null,
        null
      ],
      "/home/muhamed/apps/exercise_170921_muhamed/config/initializers/assets.rb": [
        null,
        null,
        null,
        1,
        null,
        null,
        null,
        null,
        1,
        null,
        null,
        null,
        null,
        null
      ],
      "/home/muhamed/apps/exercise_170921_muhamed/config/initializers/backtrace_silencers.rb": [
        null,
        null,
        null,
        null,
        null,
        null,
        null
      ],
      "/home/muhamed/apps/exercise_170921_muhamed/config/initializers/cookies_serializer.rb": [
        null,
        null,
        null,
        null,
        1
      ],
      "/home/muhamed/apps/exercise_170921_muhamed/config/initializers/filter_parameter_logging.rb": [
        null,
        null,
        null,
        1
      ],
      "/home/muhamed/apps/exercise_170921_muhamed/config/initializers/inflections.rb": [
        null,
        null,
        null,
        null,
        null,
        null,
        null,
        null,
        null,
        null,
        null,
        null,
        null,
        null,
        null,
        null
      ],
      "/home/muhamed/apps/exercise_170921_muhamed/config/initializers/mime_types.rb": [
        null,
        null,
        null,
        null
      ],
      "/home/muhamed/apps/exercise_170921_muhamed/config/initializers/wrap_parameters.rb": [
        null,
        null,
        null,
        null,
        null,
        null,
        1,
        1,
        null,
        null,
        null,
        null,
        null,
        null
      ],
      "/home/muhamed/apps/exercise_170921_muhamed/spec/factories/group_events.rb": [
        1,
        1,
        1,
        null,
        1,
        1,
        5,
        5,
        1,
        5,
        5,
        5,
        null,
        null,
        1,
        1,
        2,
        2,
        2,
        2,
        2,
        null,
        null,
        1,
        1,
        2,
        1,
        2,
        2,
        2,
        null,
        null,
        1,
        1,
        2,
        1,
        2,
        2,
        2,
        null,
        null,
        null
      ],
      "/home/muhamed/apps/exercise_170921_muhamed/spec/factories/users.rb": [
        1,
        1,
        1,
        29,
        29,
        null,
        null,
        1,
        1,
        2,
        null,
        null,
        null
      ],
      "/home/muhamed/apps/exercise_170921_muhamed/config/routes.rb": [
        1,
        1,
        1,
        null,
        null
      ],
      "/home/muhamed/apps/exercise_170921_muhamed/app/helpers/application_helper.rb": [
        null,
        1,
        null
      ],
      "/home/muhamed/apps/exercise_170921_muhamed/app/forms/form_object.rb": [
        null,
        null,
        1,
        1,
        null,
        1,
        22,
        89,
        null,
        null,
        null
      ],
      "/home/muhamed/apps/exercise_170921_muhamed/spec/forms/group_event_form_spec.rb": [
        1,
        null,
        1,
        13,
        null,
        1,
        1,
        1,
        null,
        1,
        null,
        null,
        1,
        1,
        1,
        null,
        null,
        null,
        null,
        null,
        null,
        null,
        null,
        1,
        1,
        1,
        1,
        1,
        1,
        1,
        null,
        null,
        null,
        1,
        1,
        1,
        null,
        1,
        1,
        null,
        null,
        1,
        1,
        null,
        1,
        1,
        null,
        null,
        1,
        1,
        null,
        1,
        1,
        null,
        null,
        1,
        3,
        null,
        3,
        3,
        3,
        3,
        3,
        3,
        3,
        3,
        null,
        null,
        null,
        3,
        null,
        null,
        null,
        null,
        null,
        null,
        1,
        1,
        1,
        1,
        null,
        null,
        1,
        1,
        null,
        1,
        1,
        1,
        null,
        null,
        null,
        null,
        null,
        1,
        1,
        1,
        1,
        null,
        null,
        1,
        1,
        null,
        1,
        1,
        1,
        null,
        null,
        1,
        null,
        null,
        1,
        null,
        null,
        1,
        null,
        null,
        null,
        null,
        null,
        1,
        1,
        1,
        null,
        1,
        1,
        null,
        null,
        1,
        1,
        null,
        1,
        1,
        null,
        null,
        null,
        null,
        null,
        1,
        1,
        1,
        null,
        null,
        null,
        null,
        null,
        null,
        1,
        1,
        1,
        null,
        null,
        null,
        null,
        null,
        null,
        null,
        1,
        1,
        null,
        null,
        null,
        null,
        null,
        1,
        1,
        1,
        null,
        null,
        null,
        null,
        1,
        1,
        null,
        null,
        null,
        null,
        null,
        1,
        1,
        1,
        null,
        null,
        null,
        null,
        1,
        3,
        null,
        3,
        null,
        null,
        null,
        1,
        1,
        1,
        1,
        null,
        1,
        1,
        null,
        null,
        1,
        1,
        null,
        1,
        null,
        null,
        null,
        1,
        1,
        1,
        null,
        1,
        1,
        null,
        null,
        1,
        1,
        1,
        1,
        null,
        null,
        1,
        null,
        null,
        1,
        null,
        null,
        1,
        null,
        null,
        1,
        null,
        null,
        null,
        null,
        null
      ],
      "/home/muhamed/apps/exercise_170921_muhamed/app/forms/group_event_form.rb": [
        null,
        null,
        1,
        1,
        null,
        null,
        null,
        null,
        null,
        null,
        null,
        null,
        1,
        1,
        1,
        1,
        1,
        null,
        1,
        15,
        null,
        null,
        1,
        4,
        null,
        null,
        1,
        null,
        1,
        7,
        null,
        null,
        null,
        null,
        null,
        null,
        null,
        null,
        null,
        null,
        1,
        2,
        null,
        null,
        null,
        null,
        null,
        null,
        null,
        null,
        null,
        null,
        1,
        19,
        19,
        2,
        2,
        null,
        null,
        null,
        null,
        null,
        null,
        1,
        19,
        19,
        2,
        2,
        null,
        null,
        null,
        null,
        null,
        null,
        1,
        19,
        4,
        4,
        null,
        null,
        null,
        1,
        19,
        11,
        5,
        null,
        6,
        null,
        null,
        null,
        null,
        1,
        5,
        2,
        null,
        3,
        null,
        null,
        null,
        1,
        6,
        2,
        4,
        2,
        null,
        null,
        null,
        1,
        null,
        4,
        null,
        3,
        null,
        null,
        null,
        null,
        null,
        null,
        1,
        4,
        3,
        3,
        3,
        null,
        null,
        null
      ],
      "/home/muhamed/apps/exercise_170921_muhamed/spec/models/group_event_spec.rb": [
        1,
        null,
        1,
        2,
        null,
        1,
        1,
        null,
        null
      ],
      "/home/muhamed/apps/exercise_170921_muhamed/app/models/group_event.rb": [
        null,
        1,
        1,
        1,
        null
      ],
      "/home/muhamed/apps/exercise_170921_muhamed/app/models/application_record.rb": [
        null,
        1,
        1,
        null
      ],
      "/home/muhamed/apps/exercise_170921_muhamed/spec/models/user_spec.rb": [
        1,
        null,
        1,
        1,
        1,
        null,
        null,
        1,
        1,
        null,
        null
      ],
      "/home/muhamed/apps/exercise_170921_muhamed/app/models/user.rb": [
        null,
        1,
        1,
        1,
        1,
        null
      ],
      "/home/muhamed/apps/exercise_170921_muhamed/spec/requests/events_controller_spec.rb": [
        1,
        null,
        1,
        1,
        13,
        null,
        13,
        117,
        null,
        null,
        13,
        null,
        null,
        1,
        2,
        null,
        1,
        1,
        null,
        1,
        1,
        null,
        null,
        null,
        1,
        2,
        null,
        1,
        1,
        null,
        1,
        1,
        null,
        null,
        null,
        1,
        2,
        null,
        1,
        1,
        null,
        1,
        1,
        1,
        null,
        null,
        null,
        1,
        2,
        null,
        1,
        1,
        null,
        1,
        1,
        null,
        null,
        null,
        1,
        1,
        1,
        null,
        null,
        null,
        null,
        null,
        null,
        1,
        1,
        null,
        1,
        1,
        null,
        null,
        null,
        1,
        1,
        1,
        null,
        null,
        null,
        null,
        null,
        null,
        null,
        1,
        1,
        null,
        1,
        1,
        null,
        null,
        null,
        1,
        1,
        1,
        null,
        null,
        null,
        null,
        null,
        null,
        null,
        null,
        1,
        1,
        null,
        1,
        1,
        null,
        null,
        null,
        null,
        1,
        1,
        1,
        null,
        null,
        null,
        null,
        null,
        null,
        null,
        null,
        1,
        1,
        null,
        null,
        null,
        null,
        null,
        null,
        null,
        null,
        1,
        1,
        null,
        null,
        null,
        null,
        null,
        null,
        null,
        null,
        1,
        3,
        null,
        null,
        null,
        1,
        1,
        1,
        null,
        null,
        null,
        null,
        null,
        null,
        null,
        1,
        1,
        null,
        1,
        null,
        null,
        null,
        1,
        1,
        1,
        null,
        null,
        null,
        null,
        null,
        null,
        null,
        1,
        1,
        null,
        1,
        null,
        null,
        null,
        null,
        1,
        2,
        null,
        1,
        1,
        null,
        1,
        null,
        null,
        null
      ],
      "/home/muhamed/apps/exercise_170921_muhamed/app/controllers/api/events_controller.rb": [
        1,
        null,
        1,
        1,
        null,
        1,
        1,
        1,
        null,
        null,
        1,
        1,
        null,
        null,
        1,
        6,
        null,
        6,
        4,
        null,
        2,
        null,
        null,
        null,
        1,
        1,
        null,
        null,
        1,
        2,
        null,
        2,
        1,
        null,
        1,
        null,
        null,
        null,
        1,
        1,
        1,
        null,
        1,
        null,
        null,
        1,
        null,
        1,
        6,
        6,
        1,
        1,
        1,
        1,
        null,
        null,
        null,
        1,
        8,
        null,
        null,
        null,
        null,
        null,
        null,
        null,
        null,
        null,
        null,
        null,
        null
      ],
      "/home/muhamed/apps/exercise_170921_muhamed/app/controllers/api/api_controller.rb": [
        1,
        null,
        1,
        1,
        null,
        1,
        null,
        1,
        13,
        8,
        8,
        null,
        null,
        null,
        null,
        1,
        4,
        null,
        null,
        null,
        null,
        null,
        null
      ],
      "/home/muhamed/apps/exercise_170921_muhamed/app/controllers/application_controller.rb": [
        null,
        1,
        1,
        null
      ],
      "/home/muhamed/apps/exercise_170921_muhamed/app/serializers/group_event_serializer.rb": [
        null,
        1,
        1,
        null,
        1,
        null
      ],
      "/home/muhamed/apps/exercise_170921_muhamed/app/serializers/user_serializer.rb": [
        null,
        1,
        1,
        null,
        1,
        null
      ]
    },
    "timestamp": 1506603592
  }
}
